cases:
  5eq_rk3_weno3_hllc:
    description:
      args: []
      path: /Users/benwilfong/Documents/software/MFC-Wilfong/benchmarks/5eq_rk3_weno3_hllc/case.py
      slug: 5eq_rk3_weno3_hllc
    output_summary:
      invocation:
      - run
      - /Users/benwilfong/Documents/software/MFC-Wilfong/benchmarks/5eq_rk3_weno3_hllc/case.py
      - --case-optimization
      - --targets
      - pre_process
      - simulation
      - post_process
      - --output-summary
      - /Users/benwilfong/Documents/software/MFC-Wilfong/build/benchmarks/c8a2/5eq_rk3_weno3_hllc.yaml
      - --
      - --gbpp
      - '1'
      lock:
        debug: false
        gcov: false
        gpu: false
        mpi: true
        single: false
        unified: false
      post_process:
        exec: 0.592117
      pre_process:
        exec: 0.402921
      simulation:
        exec: 215.207934
        grind: 118.67668406
      syscheck:
        exec: 0.1151349
  hypo_hll:
    description:
      args: []
      path: /Users/benwilfong/Documents/software/MFC-Wilfong/benchmarks/hypo_hll/case.py
      slug: hypo_hll
    output_summary:
      invocation:
      - run
      - /Users/benwilfong/Documents/software/MFC-Wilfong/benchmarks/hypo_hll/case.py
      - --case-optimization
      - --targets
      - pre_process
      - simulation
      - post_process
      - --output-summary
      - /Users/benwilfong/Documents/software/MFC-Wilfong/build/benchmarks/c8a2/hypo_hll.yaml
      - --
      - --gbpp
      - '1'
      lock:
        debug: false
        gcov: false
        gpu: false
        mpi: true
        single: false
        unified: false
      post_process:
        exec: 1.091427
      pre_process:
        exec: 7.7353782
      simulation:
        exec: 356.7857739
        grind: 106.48048228
      syscheck:
        exec: 0.097403
  ibm:
    description:
      args: []
      path: /Users/benwilfong/Documents/software/MFC-Wilfong/benchmarks/ibm/case.py
      slug: ibm
    output_summary:
      invocation:
      - run
      - /Users/benwilfong/Documents/software/MFC-Wilfong/benchmarks/ibm/case.py
      - --case-optimization
      - --targets
      - pre_process
      - simulation
      - post_process
      - --output-summary
      - /Users/benwilfong/Documents/software/MFC-Wilfong/build/benchmarks/c8a2/ibm.yaml
      - --
      - --gbpp
      - '1'
      lock:
        debug: false
        gcov: false
        gpu: false
        mpi: true
        single: false
        unified: false
      post_process:
        exec: 0.9278543
      pre_process:
        exec: 0.365302
      simulation:
        exec: 233.177713
        grind: 128.26678356
      syscheck:
        exec: 0.109005
  igr:
    description:
      args: []
      path: /Users/benwilfong/Documents/software/MFC-Wilfong/benchmarks/igr/case.py
      slug: igr
    output_summary:
      invocation:
      - run
      - /Users/benwilfong/Documents/software/MFC-Wilfong/benchmarks/igr/case.py
      - --case-optimization
      - --targets
      - pre_process
      - simulation
      - post_process
      - --output-summary
      - /Users/benwilfong/Documents/software/MFC-Wilfong/build/benchmarks/c8a2/igr.yaml
      - --
      - --gbpp
      - '1'
      lock:
        debug: false
        gcov: false
        gpu: false
        mpi: true
        single: false
        unified: false
      post_process:
        exec: 1.4053141
      pre_process:
        exec: 0.328671
      simulation:
        exec: 139.296655
        grind: 146.50175509
      syscheck:
        exec: 0.108108
  viscous_weno5_sgb_acoustic:
    description:
      args: []
      path: /Users/benwilfong/Documents/software/MFC-Wilfong/benchmarks/viscous_weno5_sgb_acoustic/case.py
      slug: viscous_weno5_sgb_acoustic
    output_summary:
      invocation:
      - run
      - /Users/benwilfong/Documents/software/MFC-Wilfong/benchmarks/viscous_weno5_sgb_acoustic/case.py
      - --case-optimization
      - --targets
      - pre_process
      - simulation
      - post_process
      - --output-summary
      - /Users/benwilfong/Documents/software/MFC-Wilfong/build/benchmarks/c8a2/viscous_weno5_sgb_acoustic.yaml
      - --
      - --gbpp
      - '1'
      lock:
        debug: false
        gcov: false
        gpu: false
        mpi: true
        single: false
        unified: false
      post_process:
        exec: 0.5647798
      pre_process:
        exec: 0.350469
      simulation:
        exec: 325.867103
        grind: 373.63301096
      syscheck:
        exec: 0.1103339
metadata:
  invocation:
  - bench
  - -j
  - '8'
  - -o
  - asdf.out
  lock:
    debug: false
    gcov: false
    gpu: false
    mpi: true
    single: false
    unified: false
